<?xml version="1.0" encoding="UTF-8"?>
<!-- Generated by org.testng.reporters.JUnitReportReporter -->
<testsuite hostname="LAPTOP-8TP6OQIJ" failures="0" tests="1" name="testngConcepts.priorityDemo" time="0.010" errors="0" timestamp="2024-08-21T09:05:34 IST" skipped="0">
  <testcase classname="testngConcepts.priorityDemo" name="Amethod2" time="0.010"/>
</testsuite> <!-- testngConcepts.priorityDemo -->
