<?xml version="1.0" encoding="UTF-8"?>
<!-- Generated by org.testng.reporters.JUnitReportReporter -->
<testsuite hostname="LAPTOP-8TP6OQIJ" failures="0" tests="2" name="testngConcepts.Demo1" time="0.013" errors="0" timestamp="2024-08-21T08:52:00 IST" skipped="0">
  <testcase classname="testngConcepts.Demo1" name="method1" time="0.010"/>
  <testcase classname="testngConcepts.Demo1" name="method2" time="0.003"/>
</testsuite> <!-- testngConcepts.Demo1 -->
