<?xml version="1.0" encoding="UTF-8"?>
<!-- Generated by org.testng.reporters.JUnitReportReporter -->
<testsuite hostname="LAPTOP-8TP6OQIJ" failures="0" tests="1" name="testcases.VerifyProductCartPrice" time="4.297" errors="0" timestamp="2024-08-31T12:33:59 IST" skipped="0">
  <testcase classname="testcases.VerifyProductCartPrice" name="testMEthod" time="4.297"/>
</testsuite> <!-- testcases.VerifyProductCartPrice -->
