<?xml version="1.0" encoding="UTF-8"?>
<!-- Generated by org.testng.reporters.JUnitReportReporter -->
<testsuite hostname="LAPTOP-8TP6OQIJ" failures="0" tests="2" name="testngConcepts.dataProviderDemo" time="10.030" errors="0" timestamp="2024-08-23T08:44:45 IST" skipped="0">
  <testcase classname="testngConcepts.dataProviderDemo" name="login" time="6.340"/>
  <testcase classname="testngConcepts.dataProviderDemo" name="login" time="3.690"/>
</testsuite> <!-- testngConcepts.dataProviderDemo -->
