<?xml version="1.0" encoding="UTF-8"?>
<!-- Generated by org.testng.reporters.JUnitReportReporter -->
<testsuite hostname="LAPTOP-8TP6OQIJ" failures="0" tests="1" name="testngConcepts.paramatersDemo" time="4.491" errors="0" timestamp="2024-08-22T09:06:40 IST" skipped="0">
  <testcase classname="testngConcepts.paramatersDemo" name="login" time="4.491"/>
</testsuite> <!-- testngConcepts.paramatersDemo -->
