<?xml version="1.0" encoding="UTF-8"?>
<!-- Generated by org.testng.reporters.JUnitReportReporter -->
<testsuite hostname="LAPTOP-8TP6OQIJ" failures="0" tests="2" name="testcases.verifyRegisterration" time="13.122" errors="0" timestamp="2024-08-31T12:04:49 IST" skipped="0">
  <testcase classname="testcases.verifyRegisterration" name="verifyRegisterationWithValidData" time="8.173"/>
  <testcase classname="testcases.verifyRegisterration" name="verifyRegisterationWithBlankData" time="4.949"/>
</testsuite> <!-- testcases.verifyRegisterration -->
