<?xml version="1.0" encoding="UTF-8"?>
<!-- Generated by org.testng.reporters.JUnitReportReporter -->
<testsuite hostname="LAPTOP-8TP6OQIJ" failures="0" tests="2" name="testngConcepts.groupsDemo" time="0.014" errors="0" timestamp="2024-08-22T08:48:14 IST" skipped="0">
  <testcase classname="testngConcepts.groupsDemo" name="method1" time="0.013"/>
  <testcase classname="testngConcepts.groupsDemo" name="method3" time="0.001"/>
</testsuite> <!-- testngConcepts.groupsDemo -->
