<?xml version="1.0" encoding="UTF-8"?>
<!-- Generated by org.testng.reporters.JUnitReportReporter -->
<testsuite hostname="LAPTOP-8TP6OQIJ" failures="0" tests="2" name="testngConcepts.Demo2" time="0.001" errors="0" timestamp="2024-08-21T08:52:00 IST" skipped="0">
  <testcase classname="testngConcepts.Demo2" name="method2" time="0.001"/>
  <testcase classname="testngConcepts.Demo2" name="method1" time="0.000"/>
</testsuite> <!-- testngConcepts.Demo2 -->
